0 info it worked if it ends with ok
1 verbose cli [ '/usr/bin/node', '/usr/bin/npm', 'publish' ]
2 info using npm@3.5.2
3 info using node@v8.10.0
4 verbose publish [ '.' ]
5 silly cache add args [ '.', null ]
6 verbose cache add spec .
7 silly cache add parsed spec Result {
7 silly cache add   raw: '.',
7 silly cache add   scope: null,
7 silly cache add   name: null,
7 silly cache add   rawSpec: '.',
7 silly cache add   spec: '/data/www/lamborghini/htdocs/drussets',
7 silly cache add   type: 'directory' }
8 verbose addLocalDirectory /home/hibo/.npm/@chr1sp1n-dev/drussets/1.0.0/package.tgz not in flight; packing
9 info lifecycle @chr1sp1n-dev/drussets@1.0.0~prepublish: @chr1sp1n-dev/drussets@1.0.0
10 silly lifecycle @chr1sp1n-dev/drussets@1.0.0~prepublish: no script for prepublish, continuing
11 verbose tar pack [ '/home/hibo/.npm/@chr1sp1n-dev/drussets/1.0.0/package.tgz',
11 verbose tar pack   '/data/www/lamborghini/htdocs/drussets' ]
12 verbose tarball /home/hibo/.npm/@chr1sp1n-dev/drussets/1.0.0/package.tgz
13 verbose folder /data/www/lamborghini/htdocs/drussets
14 verbose addLocalTarball adding from inside cache /home/hibo/.npm/@chr1sp1n-dev/drussets/1.0.0/package.tgz
15 silly cache afterAdd @chr1sp1n-dev/drussets@1.0.0
16 verbose afterAdd /home/hibo/.npm/@chr1sp1n-dev/drussets/1.0.0/package/package.json not in flight; writing
17 verbose afterAdd /home/hibo/.npm/@chr1sp1n-dev/drussets/1.0.0/package/package.json written
18 silly publish { name: '@chr1sp1n-dev/drussets',
18 silly publish   version: '1.0.0',
18 silly publish   description: 'Drupal assets utility',
18 silly publish   main: 'index.js',
18 silly publish   scripts: { test: 'echo "Error: no test specified" && exit 1' },
18 silly publish   author: { name: 'Chr1Sp1n-Dev' },
18 silly publish   license: 'ISC',
18 silly publish   devDependencies:
18 silly publish    { 'babel-core': '^6.26.3',
18 silly publish      'babel-preset-es2015': '^6.24.1',
18 silly publish      gulp: '^4.0.2' },
18 silly publish   dependencies: {},
18 silly publish   readme: 'ERROR: No README data found!',
18 silly publish   _id: '@chr1sp1n-dev/drussets@1.0.0',
18 silly publish   _shasum: '6696b1737130a4ee4f9840630a3df725d1e03970',
18 silly publish   _from: '.' }
19 verbose getPublishConfig undefined
20 silly mapToRegistry name @chr1sp1n-dev/drussets
21 silly mapToRegistry scope (from package name) @chr1sp1n-dev
22 verbose mapToRegistry no registry URL found in name for scope @chr1sp1n-dev
23 silly mapToRegistry using default registry
24 silly mapToRegistry registry https://registry.npmjs.org/
25 silly mapToRegistry uri https://registry.npmjs.org/@chr1sp1n-dev%2fdrussets
26 verbose publish registryBase https://registry.npmjs.org/
27 silly publish uploading /home/hibo/.npm/@chr1sp1n-dev/drussets/1.0.0/package.tgz
28 verbose request uri https://registry.npmjs.org/@chr1sp1n-dev%2fdrussets
29 verbose request sending authorization for write operation
30 info attempt registry request try #1 at 1:43:28 PM
31 verbose request using bearer token for auth
32 verbose request id 73b528ce7d5f0cbd
33 http request PUT https://registry.npmjs.org/@chr1sp1n-dev%2fdrussets
34 http 402 https://registry.npmjs.org/@chr1sp1n-dev%2fdrussets
35 verbose headers { date: 'Wed, 21 Aug 2019 12:43:30 GMT',
35 verbose headers   'content-type': 'application/json',
35 verbose headers   'content-length': '49',
35 verbose headers   connection: 'keep-alive',
35 verbose headers   'set-cookie':
35 verbose headers    [ '__cfduid=da17bec1db992974a89a27a2b60c651aa1566391409; expires=Thu, 20-Aug-20 12:43:29 GMT; path=/; domain=.npmjs.org; HttpOnly' ],
35 verbose headers   'cf-ray': '509cb164b8e2cd3e-FCO',
35 verbose headers   'expect-ct': 'max-age=604800, report-uri="https://report-uri.cloudflare.com/cdn-cgi/beacon/expect-ct"',
35 verbose headers   vary: 'Accept-Encoding',
35 verbose headers   server: 'cloudflare' }
36 verbose request invalidating /home/hibo/.npm/registry.npmjs.org/_40chr1sp1n-dev_252fdrussets on PUT
37 error publish Failed PUT 402
38 verbose stack Error: You must sign up for private packages : @chr1sp1n-dev/drussets
38 verbose stack     at makeError (/usr/share/npm/node_modules/npm-registry-client/lib/request.js:264:12)
38 verbose stack     at CachingRegistryClient.<anonymous> (/usr/share/npm/node_modules/npm-registry-client/lib/request.js:252:14)
38 verbose stack     at Request._callback (/usr/share/npm/node_modules/npm-registry-client/lib/request.js:172:14)
38 verbose stack     at Request.self.callback (/usr/share/npm/node_modules/request/request.js:198:22)
38 verbose stack     at emitTwo (events.js:126:13)
38 verbose stack     at Request.emit (events.js:214:7)
38 verbose stack     at Request.<anonymous> (/usr/share/npm/node_modules/request/request.js:1082:10)
38 verbose stack     at emitOne (events.js:121:20)
38 verbose stack     at Request.emit (events.js:211:7)
38 verbose stack     at IncomingMessage.<anonymous> (/usr/share/npm/node_modules/request/request.js:1009:12)
39 verbose statusCode 402
40 verbose pkgid @chr1sp1n-dev/drussets
41 verbose cwd /data/www/lamborghini/htdocs/drussets
42 error Linux 4.4.0-17763-Microsoft
43 error argv "/usr/bin/node" "/usr/bin/npm" "publish"
44 error node v8.10.0
45 error npm  v3.5.2
46 error code E402
47 error You must sign up for private packages : @chr1sp1n-dev/drussets
48 error If you need help, you may report this error at:
48 error     <https://github.com/npm/npm/issues>
49 verbose exit [ 1, true ]
